[debug] [2022-07-13T18:12:00.199Z] ----------------------------------------------------------------------
[debug] [2022-07-13T18:12:00.201Z] Command:       /usr/local/bin/firebase /Users/davemanroth/.cache/firebase/tools/lib/node_modules/firebase-tools/lib/bin/firebase projects:list
[debug] [2022-07-13T18:12:00.201Z] CLI Version:   9.23.0
[debug] [2022-07-13T18:12:00.201Z] Platform:      darwin
[debug] [2022-07-13T18:12:00.201Z] Node Version:  v12.18.1
[debug] [2022-07-13T18:12:00.202Z] Time:          Wed Jul 13 2022 14:12:00 GMT-0400 (Eastern Daylight Time)
[debug] [2022-07-13T18:12:00.202Z] ----------------------------------------------------------------------
[debug] 
[debug] [2022-07-13T18:12:00.208Z] > command requires scopes: ["email","openid","https://www.googleapis.com/auth/cloudplatformprojects.readonly","https://www.googleapis.com/auth/firebase","https://www.googleapis.com/auth/cloud-platform"]
[debug] [2022-07-13T18:12:00.208Z] > authorizing via signed-in user (healthcommdave@gmail.com)
[debug] [2022-07-13T18:12:00.211Z] > refreshing access token with scopes: []
[debug] [2022-07-13T18:12:00.211Z] >>> HTTP REQUEST POST https://www.googleapis.com/oauth2/v3/token  
 <request body omitted>
[debug] [2022-07-13T18:12:00.394Z] <<< HTTP RESPONSE 400 {"cache-control":"no-cache, no-store, max-age=0, must-revalidate","expires":"Mon, 01 Jan 1990 00:00:00 GMT","pragma":"no-cache","date":"Wed, 13 Jul 2022 18:12:00 GMT","content-type":"application/json; charset=utf-8","vary":"X-Origin, Referer, Origin,Accept-Encoding","server":"scaffolding on HTTPServer2","x-xss-protection":"0","x-frame-options":"SAMEORIGIN","x-content-type-options":"nosniff","alt-svc":"h3=\":443\"; ma=2592000,h3-29=\":443\"; ma=2592000,h3-Q050=\":443\"; ma=2592000,h3-Q046=\":443\"; ma=2592000,h3-Q043=\":443\"; ma=2592000,quic=\":443\"; ma=2592000; v=\"46,43\"","accept-ranges":"none","transfer-encoding":"chunked"}
[debug] [2022-07-13T18:12:00.396Z] >>> [apiv2][query] GET https://firebase.googleapis.com/v1beta1/projects pageSize=1000
[debug] [2022-07-13T18:12:00.697Z] <<< [apiv2][status] GET https://firebase.googleapis.com/v1beta1/projects 401
[debug] [2022-07-13T18:12:00.698Z] <<< [apiv2][body] GET https://firebase.googleapis.com/v1beta1/projects [omitted]
[debug] [2022-07-13T18:12:00.701Z] HTTP Error: 401, Request had invalid authentication credentials. Expected OAuth 2 access token, login cookie or other valid authentication credential. See https://developers.google.com/identity/sign-in/web/devconsole-project.
[debug] [2022-07-13T18:12:01.154Z] FirebaseError: HTTP Error: 401, Request had invalid authentication credentials. Expected OAuth 2 access token, login cookie or other valid authentication credential. See https://developers.google.com/identity/sign-in/web/devconsole-project.
    at module.exports (/Users/davemanroth/.cache/firebase/tools/lib/node_modules/firebase-tools/lib/responseToError.js:38:12)
    at Client.doRequest (/Users/davemanroth/.cache/firebase/tools/lib/node_modules/firebase-tools/lib/apiv2.js:241:23)
    at processTicksAndRejections (internal/process/task_queues.js:97:5)
    at async Client.request (/Users/davemanroth/.cache/firebase/tools/lib/node_modules/firebase-tools/lib/apiv2.js:96:20)
    at async getProjectPage (/Users/davemanroth/.cache/firebase/tools/lib/node_modules/firebase-tools/lib/management/projects.js:233:17)
    at async getFirebaseProjectPage (/Users/davemanroth/.cache/firebase/tools/lib/node_modules/firebase-tools/lib/management/projects.js:250:23)
    at async Object.listFirebaseProjects (/Users/davemanroth/.cache/firebase/tools/lib/node_modules/firebase-tools/lib/management/projects.js:281:29)
    at async Command.actionFn (/Users/davemanroth/.cache/firebase/tools/lib/node_modules/firebase-tools/lib/commands/projects-list.js:50:20)
[error] 
[error] Error: Failed to list Firebase projects. See firebase-debug.log for more info.
